{"aptosWallet":"0xed25519-priv-0x1108f607f8985d47bf0c4fcaff8206eb695ef3ce1a727faa5","evmWallet":"0x9965507D1a55bcC2695C58ba16FB37d819B0A4dc","label":"Resolver","level":"info","message":"Starting resolver","service":"resolver","timestamp":"2025-07-29T18:45:38.280Z"}
{"label":"BalanceManager","level":"error","message":"Failed to get Aptos balance:","service":"resolver","timestamp":"2025-07-29T18:45:44.289Z"}
{"label":"Resolver","level":"error","message":"Failed to start resolver:","service":"resolver","timestamp":"2025-07-29T18:45:44.290Z"}
{"aptosWallet":"0x355bc256fc59165868a531e9b1e8b98a29e28df6fd792e951fa39684116329a0","evmWallet":"0x9965507D1a55bcC2695C58ba16FB37d819B0A4dc","label":"Resolver","level":"info","message":"Starting resolver","service":"resolver","timestamp":"2025-07-29T18:49:07.582Z"}
{"label":"Resolver","level":"error","message":"Failed to start resolver:","service":"resolver","timestamp":"2025-07-29T18:49:07.882Z"}
{"aptosWallet":"0x355bc256fc59165868a531e9b1e8b98a29e28df6fd792e951fa39684116329a0","evmWallet":"0x9965507D1a55bcC2695C58ba16FB37d819B0A4dc","label":"Resolver","level":"info","message":"Starting resolver","service":"resolver","timestamp":"2025-07-29T18:50:07.490Z"}
{"label":"Resolver","level":"error","message":"Failed to start resolver:","service":"resolver","timestamp":"2025-07-29T18:50:07.988Z"}
{"aptosWallet":"0x355bc256fc59165868a531e9b1e8b98a29e28df6fd792e951fa39684116329a0","evmWallet":"0x9965507D1a55bcC2695C58ba16FB37d819B0A4dc","label":"Resolver","level":"info","message":"Starting resolver","service":"resolver","timestamp":"2025-07-29T18:50:27.370Z"}
{"label":"Resolver","level":"error","message":"Failed to start resolver:","service":"resolver","timestamp":"2025-07-29T18:50:28.019Z"}
{"aptosWallet":"0x355bc256fc59165868a531e9b1e8b98a29e28df6fd792e951fa39684116329a0","evmWallet":"0x9965507D1a55bcC2695C58ba16FB37d819B0A4dc","label":"Resolver","level":"info","message":"Starting resolver","service":"resolver","timestamp":"2025-07-29T18:53:47.344Z"}
{"label":"BalanceManager","level":"info","message":"Initializing Aptos client","network":"TESTNET","rpcUrl":"https://api.testnet.aptoslabs.com/v1","service":"resolver","timestamp":"2025-07-29T18:53:47.302Z"}
{"address":"0x355bc256fc59165868a531e9b1e8b98a29e28df6fd792e951fa39684116329a0","label":"BalanceManager","level":"info","message":"Aptos account initialized","service":"resolver","timestamp":"2025-07-29T18:53:47.343Z"}
{"address":"0x355bc256fc59165868a531e9b1e8b98a29e28df6fd792e951fa39684116329a0","label":"BalanceManager","level":"info","message":"Fetching Aptos balance","rpcUrl":"https://api.testnet.aptoslabs.com/v1","service":"resolver","timestamp":"2025-07-29T18:53:47.345Z"}
{"address":"0x355bc256fc59165868a531e9b1e8b98a29e28df6fd792e951fa39684116329a0","formattedBalance":"0.5","label":"BalanceManager","level":"info","message":"Aptos balance retrieved","rawBalance":"50000000","service":"resolver","timestamp":"2025-07-29T18:53:47.977Z"}
{"label":"Resolver","level":"error","message":"Failed to start resolver:","service":"resolver","timestamp":"2025-07-29T18:53:47.977Z"}
{"aptosWallet":"0x355bc256fc59165868a531e9b1e8b98a29e28df6fd792e951fa39684116329a0","evmWallet":"0x9965507D1a55bcC2695C58ba16FB37d819B0A4dc","label":"Resolver","level":"info","message":"Starting resolver","service":"resolver","timestamp":"2025-07-29T18:54:17.849Z"}
{"label":"BalanceManager","level":"info","message":"Initializing Aptos client","network":"TESTNET","rpcUrl":"https://api.testnet.aptoslabs.com/v1","service":"resolver","timestamp":"2025-07-29T18:54:17.807Z"}
{"address":"0x355bc256fc59165868a531e9b1e8b98a29e28df6fd792e951fa39684116329a0","label":"BalanceManager","level":"info","message":"Aptos account initialized","service":"resolver","timestamp":"2025-07-29T18:54:17.848Z"}
{"address":"0x355bc256fc59165868a531e9b1e8b98a29e28df6fd792e951fa39684116329a0","label":"BalanceManager","level":"info","message":"Fetching Aptos balance","rpcUrl":"https://api.testnet.aptoslabs.com/v1","service":"resolver","timestamp":"2025-07-29T18:54:17.850Z"}
{"address":"0x355bc256fc59165868a531e9b1e8b98a29e28df6fd792e951fa39684116329a0","formattedBalance":"0.5","label":"BalanceManager","level":"info","message":"Aptos balance retrieved","rawBalance":"50000000","service":"resolver","timestamp":"2025-07-29T18:54:18.154Z"}
{"aptos":"0.5","evm":"10001.0","label":"Resolver","level":"info","message":"Balance check passed","service":"resolver","timestamp":"2025-07-29T18:54:18.155Z"}
{"label":"IntentMonitor","level":"info","message":"Starting intent monitor","pollInterval":5000,"relayerUrl":"http://localhost:3000","service":"resolver","timestamp":"2025-07-29T18:54:18.156Z"}
{"label":"Resolver","level":"info","message":"Resolver started successfully","service":"resolver","timestamp":"2025-07-29T18:54:18.169Z"}
{"label":"IntentMonitor","level":"info","message":"Found 2 new intents","service":"resolver","timestamp":"2025-07-29T18:54:18.185Z"}
{"dstChain":1000,"label":"Resolver","level":"info","maker":"0xf39fd6e51aad88f6f4ce6ab8827279cfffb92266","makingAmount":"1000000","message":"Processing intent dfc339ee-c5ec-4f8c-a270-7759dde3c74b","service":"resolver","srcChain":1,"takingAmount":"1000000000000000000","timestamp":"2025-07-29T18:54:18.186Z"}
{"dstChain":1000,"label":"Resolver","level":"info","maker":"0xf39fd6e51aad88f6f4ce6ab8827279cfffb92266","makingAmount":"1000000","message":"Processing intent 2be7bc0d-1141-4115-824c-84515230458d","service":"resolver","srcChain":1,"takingAmount":"1000000000000000000","timestamp":"2025-07-29T18:54:18.188Z"}
{"label":"IntentMonitor","level":"error","message":"Failed to update intent dfc339ee-c5ec-4f8c-a270-7759dde3c74b status:","service":"resolver","timestamp":"2025-07-29T18:54:26.438Z"}
{"label":"Resolver","level":"error","message":"Error processing intent dfc339ee-c5ec-4f8c-a270-7759dde3c74b:","service":"resolver","timestamp":"2025-07-29T18:54:26.438Z"}
{"label":"IntentMonitor","level":"error","message":"Failed to update intent 2be7bc0d-1141-4115-824c-84515230458d status:","service":"resolver","timestamp":"2025-07-29T18:54:26.442Z"}
{"label":"Resolver","level":"error","message":"Error processing intent 2be7bc0d-1141-4115-824c-84515230458d:","service":"resolver","timestamp":"2025-07-29T18:54:26.442Z"}
{"label":"IntentMonitor","level":"error","message":"Failed to update intent dfc339ee-c5ec-4f8c-a270-7759dde3c74b status:","service":"resolver","timestamp":"2025-07-29T18:54:32.504Z"}
{"label":"Resolver","level":"error","message":"Failed to process intent dfc339ee-c5ec-4f8c-a270-7759dde3c74b:","service":"resolver","timestamp":"2025-07-29T18:54:32.505Z"}
{"label":"IntentMonitor","level":"error","message":"Failed to update intent 2be7bc0d-1141-4115-824c-84515230458d status:","service":"resolver","timestamp":"2025-07-29T18:54:32.508Z"}
{"label":"Resolver","level":"error","message":"Failed to process intent 2be7bc0d-1141-4115-824c-84515230458d:","service":"resolver","timestamp":"2025-07-29T18:54:32.509Z"}
{"label":"Resolver","level":"info","message":"Stopping resolver","service":"resolver","timestamp":"2025-07-29T18:54:42.597Z"}
{"label":"IntentMonitor","level":"info","message":"Stopping intent monitor","service":"resolver","timestamp":"2025-07-29T18:54:42.597Z"}
