{"aptosWallet":"0x355bc256fc59165868a531e9b1e8b98a29e28df6fd792e951fa39684116329a0","evmWallet":"0x9965507D1a55bcC2695C58ba16FB37d819B0A4dc","label":"Resolver","level":"info","message":"Starting resolver","service":"resolver","timestamp":"2025-07-30T13:14:45.051Z"}
{"label":"BalanceManager","level":"info","message":"Initializing Aptos client","network":"TESTNET","rpcUrl":"https://api.testnet.aptoslabs.com/v1","service":"resolver","timestamp":"2025-07-30T13:14:44.994Z"}
{"address":"0x355bc256fc59165868a531e9b1e8b98a29e28df6fd792e951fa39684116329a0","label":"BalanceManager","level":"info","message":"Aptos account initialized","service":"resolver","timestamp":"2025-07-30T13:14:45.050Z"}
{"address":"0x355bc256fc59165868a531e9b1e8b98a29e28df6fd792e951fa39684116329a0","label":"BalanceManager","level":"info","message":"Fetching Aptos balance","rpcUrl":"https://api.testnet.aptoslabs.com/v1","service":"resolver","timestamp":"2025-07-30T13:14:45.053Z"}
{"address":"0x355bc256fc59165868a531e9b1e8b98a29e28df6fd792e951fa39684116329a0","formattedBalance":"0.5","label":"BalanceManager","level":"info","message":"Aptos balance retrieved","rawBalance":"50000000","service":"resolver","timestamp":"2025-07-30T13:14:45.388Z"}
{"aptos":"0.5","evm":"10000.0","label":"Resolver","level":"info","message":"Balance check passed","service":"resolver","timestamp":"2025-07-30T13:14:45.390Z"}
{"label":"IntentMonitor","level":"info","message":"Starting intent monitor","pollInterval":5000,"relayerUrl":"http://localhost:3000","service":"resolver","timestamp":"2025-07-30T13:14:45.391Z"}
{"label":"Resolver","level":"info","message":"Resolver started successfully","service":"resolver","timestamp":"2025-07-30T13:14:45.409Z"}
{"label":"IntentMonitor","level":"info","message":"Found 1 new intents","service":"resolver","timestamp":"2025-07-30T13:14:57.379Z"}
{"dstChain":1000,"label":"Resolver","level":"info","maker":"0xf39fd6e51aad88f6f4ce6ab8827279cfffb92266","makingAmount":"1000000","message":"Processing intent 640bffe4-95c6-49ea-8dac-1cbb64065cd0","service":"resolver","srcChain":1,"takingAmount":"1000000000000000000","timestamp":"2025-07-30T13:14:57.380Z"}
{"dstChain":1000,"label":"ProfitabilityAnalyzer","level":"info","makerAsset":"0xe7f1725e7734ce288f8367e1bb143e90bb3f0512","makingAmount":"1000000","message":"Analyzing profitability for order","service":"resolver","srcChain":1,"takerAsset":"0x43417434fd869edee76cca2a4d2301e528a1551b1d719b75c350c3c97d15b8b9::coins::USDC","takingAmount":"1000000000000000000","timestamp":"2025-07-30T13:14:57.633Z"}
{"label":"ProfitabilityAnalyzer","level":"error","message":"Profitability analysis failed:","service":"resolver","timestamp":"2025-07-30T13:14:58.031Z"}
{"error":"Invalid 1inch response: missing toTokenAmount","expectedProfit":"0","label":"Resolver","level":"info","message":"Intent 640bffe4-95c6-49ea-8dac-1cbb64065cd0 not profitable","service":"resolver","timestamp":"2025-07-30T13:14:58.032Z"}
{"label":"Resolver","level":"info","message":"Stopping resolver","service":"resolver","timestamp":"2025-07-30T13:17:10.816Z"}
{"label":"IntentMonitor","level":"info","message":"Stopping intent monitor","service":"resolver","timestamp":"2025-07-30T13:17:10.817Z"}
{"aptosWallet":"0x355bc256fc59165868a531e9b1e8b98a29e28df6fd792e951fa39684116329a0","evmWallet":"0x9965507D1a55bcC2695C58ba16FB37d819B0A4dc","label":"Resolver","level":"info","message":"Starting resolver","service":"resolver","timestamp":"2025-07-30T13:17:15.294Z"}
{"label":"BalanceManager","level":"info","message":"Initializing Aptos client","network":"TESTNET","rpcUrl":"https://api.testnet.aptoslabs.com/v1","service":"resolver","timestamp":"2025-07-30T13:17:15.223Z"}
{"address":"0x355bc256fc59165868a531e9b1e8b98a29e28df6fd792e951fa39684116329a0","label":"BalanceManager","level":"info","message":"Aptos account initialized","service":"resolver","timestamp":"2025-07-30T13:17:15.294Z"}
{"address":"0x355bc256fc59165868a531e9b1e8b98a29e28df6fd792e951fa39684116329a0","label":"BalanceManager","level":"info","message":"Fetching Aptos balance","rpcUrl":"https://api.testnet.aptoslabs.com/v1","service":"resolver","timestamp":"2025-07-30T13:17:15.295Z"}
{"address":"0x355bc256fc59165868a531e9b1e8b98a29e28df6fd792e951fa39684116329a0","formattedBalance":"0.5","label":"BalanceManager","level":"info","message":"Aptos balance retrieved","rawBalance":"50000000","service":"resolver","timestamp":"2025-07-30T13:17:15.624Z"}
{"aptos":"0.5","evm":"10000.0","label":"Resolver","level":"info","message":"Balance check passed","service":"resolver","timestamp":"2025-07-30T13:17:15.625Z"}
{"label":"IntentMonitor","level":"info","message":"Starting intent monitor","pollInterval":5000,"relayerUrl":"http://localhost:3000","service":"resolver","timestamp":"2025-07-30T13:17:15.625Z"}
{"label":"Resolver","level":"info","message":"Resolver started successfully","service":"resolver","timestamp":"2025-07-30T13:17:15.633Z"}
{"label":"IntentMonitor","level":"info","message":"Found 1 new intents","service":"resolver","timestamp":"2025-07-30T13:17:15.662Z"}
{"dstChain":1000,"label":"Resolver","level":"info","maker":"0xf39fd6e51aad88f6f4ce6ab8827279cfffb92266","makingAmount":"1000000","message":"Processing intent 640bffe4-95c6-49ea-8dac-1cbb64065cd0","service":"resolver","srcChain":1,"takingAmount":"1000000000000000000","timestamp":"2025-07-30T13:17:15.662Z"}
{"dstChain":1000,"label":"ProfitabilityAnalyzer","level":"info","makerAsset":"0xe7f1725e7734ce288f8367e1bb143e90bb3f0512","makingAmount":"1000000","message":"Analyzing profitability for order","service":"resolver","srcChain":1,"takerAsset":"0x43417434fd869edee76cca2a4d2301e528a1551b1d719b75c350c3c97d15b8b9::coins::USDC","takingAmount":"1000000000000000000","timestamp":"2025-07-30T13:17:15.702Z"}
{"label":"ProfitabilityAnalyzer","level":"error","message":"Profitability analysis failed:","service":"resolver","timestamp":"2025-07-30T13:17:15.975Z"}
{"error":"Invalid 1inch response: missing toTokenAmount","expectedProfit":"0","label":"Resolver","level":"info","message":"Intent 640bffe4-95c6-49ea-8dac-1cbb64065cd0 not profitable","service":"resolver","timestamp":"2025-07-30T13:17:15.975Z"}
{"label":"Resolver","level":"info","message":"Stopping resolver","service":"resolver","timestamp":"2025-07-30T13:18:16.356Z"}
{"label":"IntentMonitor","level":"info","message":"Stopping intent monitor","service":"resolver","timestamp":"2025-07-30T13:18:16.358Z"}
{"aptosWallet":"0x355bc256fc59165868a531e9b1e8b98a29e28df6fd792e951fa39684116329a0","evmWallet":"0x9965507D1a55bcC2695C58ba16FB37d819B0A4dc","label":"Resolver","level":"info","message":"Starting resolver","service":"resolver","timestamp":"2025-07-30T13:38:03.425Z"}
{"label":"BalanceManager","level":"info","message":"Initializing Aptos client","network":"TESTNET","rpcUrl":"https://api.testnet.aptoslabs.com/v1","service":"resolver","timestamp":"2025-07-30T13:38:03.363Z"}
{"address":"0x355bc256fc59165868a531e9b1e8b98a29e28df6fd792e951fa39684116329a0","label":"BalanceManager","level":"info","message":"Aptos account initialized","service":"resolver","timestamp":"2025-07-30T13:38:03.425Z"}
{"address":"0x355bc256fc59165868a531e9b1e8b98a29e28df6fd792e951fa39684116329a0","label":"BalanceManager","level":"info","message":"Fetching Aptos balance","rpcUrl":"https://api.testnet.aptoslabs.com/v1","service":"resolver","timestamp":"2025-07-30T13:38:03.427Z"}
{"address":"0x355bc256fc59165868a531e9b1e8b98a29e28df6fd792e951fa39684116329a0","formattedBalance":"0.5","label":"BalanceManager","level":"info","message":"Aptos balance retrieved","rawBalance":"50000000","service":"resolver","timestamp":"2025-07-30T13:38:03.819Z"}
{"aptos":"0.5","evm":"10000.0","label":"Resolver","level":"info","message":"Balance check passed","service":"resolver","timestamp":"2025-07-30T13:38:03.819Z"}
{"label":"IntentMonitor","level":"info","message":"Starting intent monitor","pollInterval":5000,"relayerUrl":"http://localhost:3000","service":"resolver","timestamp":"2025-07-30T13:38:03.819Z"}
{"label":"Resolver","level":"info","message":"Resolver started successfully","service":"resolver","timestamp":"2025-07-30T13:38:03.826Z"}
{"label":"IntentMonitor","level":"error","message":"Failed to poll for secrets:","service":"resolver","timestamp":"2025-07-30T13:38:08.947Z"}
{"label":"IntentMonitor","level":"info","message":"Found 1 new intents","service":"resolver","timestamp":"2025-07-30T13:40:53.717Z"}
{"dstChain":1000,"label":"Resolver","level":"info","maker":"0xf39fd6e51aad88f6f4ce6ab8827279cfffb92266","makingAmount":"1000000","message":"Processing intent 640bffe4-95c6-49ea-8dac-1cbb64065cd0","service":"resolver","srcChain":1,"takingAmount":"1000000000000000000","timestamp":"2025-07-30T13:40:53.719Z"}
{"label":"IntentMonitor","level":"error","message":"Failed to update intent 640bffe4-95c6-49ea-8dac-1cbb64065cd0 status:","service":"resolver","timestamp":"2025-07-30T13:41:05.068Z"}
{"label":"Resolver","level":"error","message":"Error processing intent 640bffe4-95c6-49ea-8dac-1cbb64065cd0:","service":"resolver","timestamp":"2025-07-30T13:41:05.070Z"}
{"label":"Resolver","level":"info","message":"Stopping resolver","service":"resolver","timestamp":"2025-07-30T13:47:59.581Z"}
{"label":"IntentMonitor","level":"info","message":"Stopping intent monitor","service":"resolver","timestamp":"2025-07-30T13:47:59.584Z"}
{"aptosWallet":"0x355bc256fc59165868a531e9b1e8b98a29e28df6fd792e951fa39684116329a0","evmWallet":"0x9965507D1a55bcC2695C58ba16FB37d819B0A4dc","label":"Resolver","level":"info","message":"Starting resolver","service":"resolver","timestamp":"2025-07-30T13:48:09.962Z"}
{"label":"BalanceManager","level":"info","message":"Initializing Aptos client","network":"TESTNET","rpcUrl":"https://api.testnet.aptoslabs.com/v1","service":"resolver","timestamp":"2025-07-30T13:48:09.844Z"}
{"address":"0x355bc256fc59165868a531e9b1e8b98a29e28df6fd792e951fa39684116329a0","label":"BalanceManager","level":"info","message":"Aptos account initialized","service":"resolver","timestamp":"2025-07-30T13:48:09.961Z"}
{"address":"0x355bc256fc59165868a531e9b1e8b98a29e28df6fd792e951fa39684116329a0","label":"BalanceManager","level":"info","message":"Fetching Aptos balance","rpcUrl":"https://api.testnet.aptoslabs.com/v1","service":"resolver","timestamp":"2025-07-30T13:48:09.963Z"}
{"address":"0x355bc256fc59165868a531e9b1e8b98a29e28df6fd792e951fa39684116329a0","formattedBalance":"0.5","label":"BalanceManager","level":"info","message":"Aptos balance retrieved","rawBalance":"50000000","service":"resolver","timestamp":"2025-07-30T13:48:10.458Z"}
{"aptos":"0.5","evm":"10000.0","label":"Resolver","level":"info","message":"Balance check passed","service":"resolver","timestamp":"2025-07-30T13:48:10.458Z"}
{"label":"IntentMonitor","level":"info","message":"Starting intent monitor","pollInterval":5000,"relayerUrl":"http://localhost:3000","service":"resolver","timestamp":"2025-07-30T13:48:10.459Z"}
{"label":"Resolver","level":"info","message":"Resolver started successfully","service":"resolver","timestamp":"2025-07-30T13:48:10.465Z"}
{"label":"IntentMonitor","level":"error","message":"Failed to poll for secrets:","service":"resolver","timestamp":"2025-07-30T13:49:14.237Z"}
{"label":"IntentMonitor","level":"info","message":"Found 1 new intents","service":"resolver","timestamp":"2025-07-30T13:50:17.136Z"}
{"dstChain":1000,"label":"Resolver","level":"info","maker":"0xf39fd6e51aad88f6f4ce6ab8827279cfffb92266","makingAmount":"1000000","message":"Processing intent 161133d3-a357-4f2d-b706-43e49d11ccdb","service":"resolver","srcChain":1,"takingAmount":"1000000000000000000","timestamp":"2025-07-30T13:50:17.207Z"}
{"dstChain":1000,"label":"ProfitabilityAnalyzer","level":"info","makerAsset":"0xe7f1725e7734ce288f8367e1bb143e90bb3f0512","makingAmount":"1000000","message":"Analyzing profitability for order","service":"resolver","srcChain":1,"takerAsset":"0x43417434fd869edee76cca2a4d2301e528a1551b1d719b75c350c3c97d15b8b9::coins::USDC","takingAmount":"1000000000000000000","timestamp":"2025-07-30T13:50:27.143Z"}
{"label":"ProfitabilityAnalyzer","level":"error","message":"Profitability analysis failed:","service":"resolver","timestamp":"2025-07-30T13:50:27.644Z"}
{"error":"Invalid 1inch response: missing toTokenAmount","expectedProfit":"0","label":"Resolver","level":"info","message":"Intent 161133d3-a357-4f2d-b706-43e49d11ccdb not profitable","service":"resolver","timestamp":"2025-07-30T13:50:27.644Z"}
{"label":"IntentMonitor","level":"error","message":"Failed to poll for secrets:","service":"resolver","timestamp":"2025-07-30T13:50:32.150Z"}
{"label":"Resolver","level":"info","message":"Stopping resolver","service":"resolver","timestamp":"2025-07-30T13:54:02.222Z"}
{"label":"IntentMonitor","level":"info","message":"Stopping intent monitor","service":"resolver","timestamp":"2025-07-30T13:54:02.223Z"}
{"label":"BalanceManager","level":"info","message":"Initializing Aptos client","network":"TESTNET","rpcUrl":"https://api.testnet.aptoslabs.com/v1","service":"resolver","timestamp":"2025-07-30T13:54:09.600Z"}
{"aptosWallet":"0x355bc256fc59165868a531e9b1e8b98a29e28df6fd792e951fa39684116329a0","evmWallet":"0x9965507D1a55bcC2695C58ba16FB37d819B0A4dc","label":"Resolver","level":"info","message":"Starting resolver","service":"resolver","timestamp":"2025-07-30T13:54:09.651Z"}
{"address":"0x355bc256fc59165868a531e9b1e8b98a29e28df6fd792e951fa39684116329a0","label":"BalanceManager","level":"info","message":"Aptos account initialized","service":"resolver","timestamp":"2025-07-30T13:54:09.651Z"}
{"address":"0x355bc256fc59165868a531e9b1e8b98a29e28df6fd792e951fa39684116329a0","label":"BalanceManager","level":"info","message":"Fetching Aptos balance","rpcUrl":"https://api.testnet.aptoslabs.com/v1","service":"resolver","timestamp":"2025-07-30T13:54:09.654Z"}
{"address":"0x355bc256fc59165868a531e9b1e8b98a29e28df6fd792e951fa39684116329a0","formattedBalance":"0.5","label":"BalanceManager","level":"info","message":"Aptos balance retrieved","rawBalance":"50000000","service":"resolver","timestamp":"2025-07-30T13:54:10.040Z"}
{"aptos":"0.5","evm":"10000.0","label":"Resolver","level":"info","message":"Balance check passed","service":"resolver","timestamp":"2025-07-30T13:54:10.049Z"}
{"label":"IntentMonitor","level":"info","message":"Starting intent monitor","pollInterval":5000,"relayerUrl":"http://localhost:3000","service":"resolver","timestamp":"2025-07-30T13:54:10.050Z"}
{"label":"Resolver","level":"info","message":"Resolver started successfully","service":"resolver","timestamp":"2025-07-30T13:54:10.103Z"}
{"label":"IntentMonitor","level":"info","message":"Found 1 new intents","service":"resolver","timestamp":"2025-07-30T13:54:35.867Z"}
{"dstChain":1000,"label":"Resolver","level":"info","maker":"0xf39fd6e51aad88f6f4ce6ab8827279cfffb92266","makingAmount":"1000000","message":"Processing intent 161133d3-a357-4f2d-b706-43e49d11ccdb","service":"resolver","srcChain":1,"takingAmount":"1000000000000000000","timestamp":"2025-07-30T13:54:35.869Z"}
{"dstChain":1000,"label":"ProfitabilityAnalyzer","level":"info","makerAsset":"0xe7f1725e7734ce288f8367e1bb143e90bb3f0512","makingAmount":"1000000","message":"Analyzing profitability for order","service":"resolver","srcChain":1,"takerAsset":"0x43417434fd869edee76cca2a4d2301e528a1551b1d719b75c350c3c97d15b8b9::coins::USDC","takingAmount":"1000000000000000000","timestamp":"2025-07-30T13:54:35.967Z"}
{"error":"No mainnet mapping found for 0xe7f1725e7734ce288f8367e1bb143e90bb3f0512 on chain 1000","expectedProfit":"0","label":"Resolver","level":"info","message":"Intent 161133d3-a357-4f2d-b706-43e49d11ccdb not profitable","service":"resolver","timestamp":"2025-07-30T13:54:35.973Z"}
{"label":"ProfitabilityAnalyzer","level":"error","message":"Profitability analysis failed:","service":"resolver","timestamp":"2025-07-30T13:54:35.972Z"}
{"label":"Resolver","level":"info","message":"Stopping resolver","service":"resolver","timestamp":"2025-07-30T13:58:32.396Z"}
{"label":"IntentMonitor","level":"info","message":"Stopping intent monitor","service":"resolver","timestamp":"2025-07-30T13:58:32.398Z"}
{"aptosWallet":"0x355bc256fc59165868a531e9b1e8b98a29e28df6fd792e951fa39684116329a0","evmWallet":"0x9965507D1a55bcC2695C58ba16FB37d819B0A4dc","label":"Resolver","level":"info","message":"Starting resolver","service":"resolver","timestamp":"2025-07-30T13:58:36.395Z"}
{"label":"BalanceManager","level":"info","message":"Initializing Aptos client","network":"TESTNET","rpcUrl":"https://api.testnet.aptoslabs.com/v1","service":"resolver","timestamp":"2025-07-30T13:58:36.318Z"}
{"address":"0x355bc256fc59165868a531e9b1e8b98a29e28df6fd792e951fa39684116329a0","label":"BalanceManager","level":"info","message":"Aptos account initialized","service":"resolver","timestamp":"2025-07-30T13:58:36.395Z"}
{"address":"0x355bc256fc59165868a531e9b1e8b98a29e28df6fd792e951fa39684116329a0","label":"BalanceManager","level":"info","message":"Fetching Aptos balance","rpcUrl":"https://api.testnet.aptoslabs.com/v1","service":"resolver","timestamp":"2025-07-30T13:58:36.397Z"}
{"address":"0x355bc256fc59165868a531e9b1e8b98a29e28df6fd792e951fa39684116329a0","formattedBalance":"0.5","label":"BalanceManager","level":"info","message":"Aptos balance retrieved","rawBalance":"50000000","service":"resolver","timestamp":"2025-07-30T13:58:36.784Z"}
{"aptos":"0.5","evm":"10000.0","label":"Resolver","level":"info","message":"Balance check passed","service":"resolver","timestamp":"2025-07-30T13:58:36.784Z"}
{"label":"IntentMonitor","level":"info","message":"Starting intent monitor","pollInterval":5000,"relayerUrl":"http://localhost:3000","service":"resolver","timestamp":"2025-07-30T13:58:36.785Z"}
{"label":"Resolver","level":"info","message":"Resolver started successfully","service":"resolver","timestamp":"2025-07-30T13:58:36.794Z"}
{"label":"IntentMonitor","level":"info","message":"Found 1 new intents","service":"resolver","timestamp":"2025-07-30T13:58:36.823Z"}
{"dstChain":1000,"label":"Resolver","level":"info","maker":"0xf39fd6e51aad88f6f4ce6ab8827279cfffb92266","makingAmount":"1000000","message":"Processing intent 161133d3-a357-4f2d-b706-43e49d11ccdb","service":"resolver","srcChain":1,"takingAmount":"1000000000000000000","timestamp":"2025-07-30T13:58:36.824Z"}
{"dstChain":1000,"label":"ProfitabilityAnalyzer","level":"info","makerAsset":"0xe7f1725e7734ce288f8367e1bb143e90bb3f0512","makingAmount":"1000000","message":"Analyzing profitability for order","service":"resolver","srcChain":1,"takerAsset":"0x43417434fd869edee76cca2a4d2301e528a1551b1d719b75c350c3c97d15b8b9::coins::USDC","takingAmount":"1000000000000000000","timestamp":"2025-07-30T13:58:36.869Z"}
{"label":"ProfitabilityAnalyzer","level":"error","message":"Profitability analysis failed:","service":"resolver","timestamp":"2025-07-30T13:58:37.398Z"}
{"error":"Invalid 1inch response: missing toTokenAmount","expectedProfit":"0","label":"Resolver","level":"info","message":"Intent 161133d3-a357-4f2d-b706-43e49d11ccdb not profitable","service":"resolver","timestamp":"2025-07-30T13:58:37.398Z"}
{"label":"Resolver","level":"info","message":"Stopping resolver","service":"resolver","timestamp":"2025-07-30T14:03:23.136Z"}
{"label":"IntentMonitor","level":"info","message":"Stopping intent monitor","service":"resolver","timestamp":"2025-07-30T14:03:23.138Z"}
{"label":"BalanceManager","level":"info","message":"Initializing Aptos client","network":"TESTNET","rpcUrl":"https://api.testnet.aptoslabs.com/v1","service":"resolver","timestamp":"2025-07-30T14:03:28.960Z"}
{"aptosWallet":"0x355bc256fc59165868a531e9b1e8b98a29e28df6fd792e951fa39684116329a0","evmWallet":"0x9965507D1a55bcC2695C58ba16FB37d819B0A4dc","label":"Resolver","level":"info","message":"Starting resolver","service":"resolver","timestamp":"2025-07-30T14:03:29.011Z"}
{"address":"0x355bc256fc59165868a531e9b1e8b98a29e28df6fd792e951fa39684116329a0","label":"BalanceManager","level":"info","message":"Aptos account initialized","service":"resolver","timestamp":"2025-07-30T14:03:29.010Z"}
{"address":"0x355bc256fc59165868a531e9b1e8b98a29e28df6fd792e951fa39684116329a0","label":"BalanceManager","level":"info","message":"Fetching Aptos balance","rpcUrl":"https://api.testnet.aptoslabs.com/v1","service":"resolver","timestamp":"2025-07-30T14:03:29.015Z"}
{"address":"0x355bc256fc59165868a531e9b1e8b98a29e28df6fd792e951fa39684116329a0","formattedBalance":"0.5","label":"BalanceManager","level":"info","message":"Aptos balance retrieved","rawBalance":"50000000","service":"resolver","timestamp":"2025-07-30T14:03:29.408Z"}
{"aptos":"0.5","evm":"10000.0","label":"Resolver","level":"info","message":"Balance check passed","service":"resolver","timestamp":"2025-07-30T14:03:29.409Z"}
{"label":"IntentMonitor","level":"info","message":"Starting intent monitor","pollInterval":5000,"relayerUrl":"http://localhost:3000","service":"resolver","timestamp":"2025-07-30T14:03:29.409Z"}
{"label":"Resolver","level":"info","message":"Resolver started successfully","service":"resolver","timestamp":"2025-07-30T14:03:29.418Z"}
{"label":"IntentMonitor","level":"info","message":"Found 1 new intents","service":"resolver","timestamp":"2025-07-30T14:03:35.752Z"}
{"dstChain":1000,"label":"Resolver","level":"info","maker":"0xf39fd6e51aad88f6f4ce6ab8827279cfffb92266","makingAmount":"1000000","message":"Processing intent 161133d3-a357-4f2d-b706-43e49d11ccdb","service":"resolver","srcChain":1,"takingAmount":"1000000000000000000","timestamp":"2025-07-30T14:03:35.754Z"}
{"dstChain":1000,"label":"ProfitabilityAnalyzer","level":"info","makerAsset":"0xe7f1725e7734ce288f8367e1bb143e90bb3f0512","makingAmount":"1000000","message":"Analyzing profitability for order","service":"resolver","srcChain":1,"takerAsset":"0x43417434fd869edee76cca2a4d2301e528a1551b1d719b75c350c3c97d15b8b9::coins::USDC","takingAmount":"1000000000000000000","timestamp":"2025-07-30T14:03:36.194Z"}
{"label":"ProfitabilityAnalyzer","level":"error","message":"Profitability analysis failed:","service":"resolver","timestamp":"2025-07-30T14:03:36.659Z"}
{"error":"Invalid 1inch Fusion+ response: missing toTokenAmount","expectedProfit":"0","label":"Resolver","level":"info","message":"Intent 161133d3-a357-4f2d-b706-43e49d11ccdb not profitable","service":"resolver","timestamp":"2025-07-30T14:03:36.659Z"}
{"label":"Resolver","level":"info","message":"Stopping resolver","service":"resolver","timestamp":"2025-07-30T14:08:49.275Z"}
{"label":"IntentMonitor","level":"info","message":"Stopping intent monitor","service":"resolver","timestamp":"2025-07-30T14:08:49.283Z"}
{"aptosWallet":"0x355bc256fc59165868a531e9b1e8b98a29e28df6fd792e951fa39684116329a0","evmWallet":"0x9965507D1a55bcC2695C58ba16FB37d819B0A4dc","label":"Resolver","level":"info","message":"Starting resolver","service":"resolver","timestamp":"2025-07-30T14:08:57.028Z"}
{"label":"BalanceManager","level":"info","message":"Initializing Aptos client","network":"TESTNET","rpcUrl":"https://api.testnet.aptoslabs.com/v1","service":"resolver","timestamp":"2025-07-30T14:08:56.928Z"}
{"address":"0x355bc256fc59165868a531e9b1e8b98a29e28df6fd792e951fa39684116329a0","label":"BalanceManager","level":"info","message":"Aptos account initialized","service":"resolver","timestamp":"2025-07-30T14:08:57.027Z"}
{"address":"0x355bc256fc59165868a531e9b1e8b98a29e28df6fd792e951fa39684116329a0","label":"BalanceManager","level":"info","message":"Fetching Aptos balance","rpcUrl":"https://api.testnet.aptoslabs.com/v1","service":"resolver","timestamp":"2025-07-30T14:08:57.030Z"}
{"address":"0x355bc256fc59165868a531e9b1e8b98a29e28df6fd792e951fa39684116329a0","formattedBalance":"0.5","label":"BalanceManager","level":"info","message":"Aptos balance retrieved","rawBalance":"50000000","service":"resolver","timestamp":"2025-07-30T14:08:57.465Z"}
{"aptos":"0.5","evm":"10000.0","label":"Resolver","level":"info","message":"Balance check passed","service":"resolver","timestamp":"2025-07-30T14:08:57.465Z"}
{"label":"IntentMonitor","level":"info","message":"Starting intent monitor","pollInterval":5000,"relayerUrl":"http://localhost:3000","service":"resolver","timestamp":"2025-07-30T14:08:57.465Z"}
{"label":"Resolver","level":"info","message":"Resolver started successfully","service":"resolver","timestamp":"2025-07-30T14:08:57.472Z"}
{"label":"IntentMonitor","level":"info","message":"Found 1 new intents","service":"resolver","timestamp":"2025-07-30T14:08:57.536Z"}
{"dstChain":1000,"label":"Resolver","level":"info","maker":"0xf39fd6e51aad88f6f4ce6ab8827279cfffb92266","makingAmount":"1000000","message":"Processing intent 161133d3-a357-4f2d-b706-43e49d11ccdb","service":"resolver","srcChain":1,"takingAmount":"1000000000000000000","timestamp":"2025-07-30T14:08:57.536Z"}
{"dstChain":1000,"label":"ProfitabilityAnalyzer","level":"info","makerAsset":"0xe7f1725e7734ce288f8367e1bb143e90bb3f0512","makingAmount":"1000000","message":"Analyzing profitability for order","service":"resolver","srcChain":1,"takerAsset":"0x43417434fd869edee76cca2a4d2301e528a1551b1d719b75c350c3c97d15b8b9::coins::USDC","takingAmount":"1000000000000000000","timestamp":"2025-07-30T14:08:57.631Z"}
{"label":"ProfitabilityAnalyzer","level":"error","message":"Profitability analysis failed:","service":"resolver","timestamp":"2025-07-30T14:08:58.109Z"}
{"error":"Invalid 1inch Fusion+ response: missing required fields","expectedProfit":"0","label":"Resolver","level":"info","message":"Intent 161133d3-a357-4f2d-b706-43e49d11ccdb not profitable","service":"resolver","timestamp":"2025-07-30T14:08:58.109Z"}
{"label":"Resolver","level":"info","message":"Stopping resolver","service":"resolver","timestamp":"2025-07-30T14:09:17.742Z"}
{"label":"IntentMonitor","level":"info","message":"Stopping intent monitor","service":"resolver","timestamp":"2025-07-30T14:09:17.747Z"}
{"aptosWallet":"0x355bc256fc59165868a531e9b1e8b98a29e28df6fd792e951fa39684116329a0","evmWallet":"0x9965507D1a55bcC2695C58ba16FB37d819B0A4dc","label":"Resolver","level":"info","message":"Starting resolver","service":"resolver","timestamp":"2025-07-30T16:44:45.671Z"}
{"label":"BalanceManager","level":"info","message":"Initializing Aptos client","network":"TESTNET","rpcUrl":"https://api.testnet.aptoslabs.com/v1","service":"resolver","timestamp":"2025-07-30T16:44:45.593Z"}
{"address":"0x355bc256fc59165868a531e9b1e8b98a29e28df6fd792e951fa39684116329a0","label":"BalanceManager","level":"info","message":"Aptos account initialized","service":"resolver","timestamp":"2025-07-30T16:44:45.671Z"}
{"address":"0x355bc256fc59165868a531e9b1e8b98a29e28df6fd792e951fa39684116329a0","label":"BalanceManager","level":"info","message":"Fetching Aptos balance","rpcUrl":"https://api.testnet.aptoslabs.com/v1","service":"resolver","timestamp":"2025-07-30T16:44:45.673Z"}
{"address":"0x355bc256fc59165868a531e9b1e8b98a29e28df6fd792e951fa39684116329a0","formattedBalance":"0.5","label":"BalanceManager","level":"info","message":"Aptos balance retrieved","rawBalance":"50000000","service":"resolver","timestamp":"2025-07-30T16:44:46.073Z"}
{"aptos":"0.5","evm":"10000.0","label":"Resolver","level":"info","message":"Balance check passed","service":"resolver","timestamp":"2025-07-30T16:44:46.075Z"}
{"label":"IntentMonitor","level":"info","message":"Starting intent monitor","pollInterval":5000,"relayerUrl":"http://localhost:3000","service":"resolver","timestamp":"2025-07-30T16:44:46.080Z"}
{"label":"Resolver","level":"info","message":"Resolver started successfully","service":"resolver","timestamp":"2025-07-30T16:44:46.090Z"}
{"label":"IntentMonitor","level":"info","message":"Found 1 new intents","service":"resolver","timestamp":"2025-07-30T16:45:19.048Z"}
{"dstChain":1000,"label":"Resolver","level":"info","maker":"0xf39fd6e51aad88f6f4ce6ab8827279cfffb92266","makingAmount":"1000000","message":"Processing intent aefdd7c7-e539-4e4f-a55a-ec9f661e9d2e","service":"resolver","srcChain":1,"takingAmount":"1000000000000000000","timestamp":"2025-07-30T16:45:19.074Z"}
{"dstChain":1000,"label":"ProfitabilityAnalyzer","level":"info","makerAsset":"0xe7f1725e7734ce288f8367e1bb143e90bb3f0512","makingAmount":"1000000","message":"Profitability analysis skipped - returning true for all trades","service":"resolver","srcChain":1,"takerAsset":"0x43417434fd869edee76cca2a4d2301e528a1551b1d719b75c350c3c97d15b8b9::coins::USDC","takingAmount":"1000000000000000000","timestamp":"2025-07-30T16:45:19.232Z"}
{"dstChain":1000,"label":"BalanceManager","level":"info","makingAmount":"1000000","message":"Checking balances for order","service":"resolver","srcChain":1,"takingAmount":"1000000000000000000","timestamp":"2025-07-30T16:45:19.232Z"}
{"address":"0x355bc256fc59165868a531e9b1e8b98a29e28df6fd792e951fa39684116329a0","label":"BalanceManager","level":"info","message":"Fetching Aptos balance","rpcUrl":"https://api.testnet.aptoslabs.com/v1","service":"resolver","timestamp":"2025-07-30T16:45:19.233Z"}
{"address":"0x355bc256fc59165868a531e9b1e8b98a29e28df6fd792e951fa39684116329a0","formattedBalance":"0.5","label":"BalanceManager","level":"info","message":"Aptos balance retrieved","rawBalance":"50000000","service":"resolver","timestamp":"2025-07-30T16:45:19.339Z"}
{"balanceCheck":{"aptosBalance":"0.5","error":"Insufficient balance on one or more chains","evmBalance":"10000.0","requiredAptos":"1.11","requiredEvm":"0.03","sufficient":false},"label":"Resolver","level":"warn","message":"Intent aefdd7c7-e539-4e4f-a55a-ec9f661e9d2e insufficient balance","service":"resolver","timestamp":"2025-07-30T16:45:19.341Z"}
{"aptosBalance":"0.5","evmBalance":"10000.0","label":"BalanceManager","level":"info","message":"Balance check complete","requiredAptos":"1.11","requiredEvm":"0.03","service":"resolver","sufficient":false,"timestamp":"2025-07-30T16:45:19.340Z"}
{"label":"Resolver","level":"info","message":"Stopping resolver","service":"resolver","timestamp":"2025-07-30T16:47:03.718Z"}
{"label":"IntentMonitor","level":"info","message":"Stopping intent monitor","service":"resolver","timestamp":"2025-07-30T16:47:03.719Z"}
{"aptosWallet":"0x355bc256fc59165868a531e9b1e8b98a29e28df6fd792e951fa39684116329a0","evmWallet":"0x9965507D1a55bcC2695C58ba16FB37d819B0A4dc","label":"Resolver","level":"info","message":"Starting resolver","service":"resolver","timestamp":"2025-07-30T16:47:08.590Z"}
{"label":"BalanceManager","level":"info","message":"Initializing Aptos client","network":"TESTNET","rpcUrl":"https://api.testnet.aptoslabs.com/v1","service":"resolver","timestamp":"2025-07-30T16:47:08.530Z"}
{"address":"0x355bc256fc59165868a531e9b1e8b98a29e28df6fd792e951fa39684116329a0","label":"BalanceManager","level":"info","message":"Aptos account initialized","service":"resolver","timestamp":"2025-07-30T16:47:08.590Z"}
{"address":"0x355bc256fc59165868a531e9b1e8b98a29e28df6fd792e951fa39684116329a0","label":"BalanceManager","level":"info","message":"Fetching Aptos balance","rpcUrl":"https://api.testnet.aptoslabs.com/v1","service":"resolver","timestamp":"2025-07-30T16:47:08.592Z"}
{"address":"0x355bc256fc59165868a531e9b1e8b98a29e28df6fd792e951fa39684116329a0","formattedBalance":"0.5","label":"BalanceManager","level":"info","message":"Aptos balance retrieved","rawBalance":"50000000","service":"resolver","timestamp":"2025-07-30T16:47:08.985Z"}
{"aptos":"0.5","evm":"10000.0","label":"Resolver","level":"info","message":"Balance check passed","service":"resolver","timestamp":"2025-07-30T16:47:08.989Z"}
{"label":"IntentMonitor","level":"info","message":"Starting intent monitor","pollInterval":5000,"relayerUrl":"http://localhost:3000","service":"resolver","timestamp":"2025-07-30T16:47:08.990Z"}
{"label":"Resolver","level":"info","message":"Resolver started successfully","service":"resolver","timestamp":"2025-07-30T16:47:09.004Z"}
{"label":"IntentMonitor","level":"info","message":"Found 1 new intents","service":"resolver","timestamp":"2025-07-30T16:47:29.841Z"}
{"dstChain":1000,"label":"Resolver","level":"info","maker":"0xf39fd6e51aad88f6f4ce6ab8827279cfffb92266","makingAmount":"1000000","message":"Processing intent aefdd7c7-e539-4e4f-a55a-ec9f661e9d2e","service":"resolver","srcChain":1,"takingAmount":"1000000000000000000","timestamp":"2025-07-30T16:47:29.845Z"}
{"dstChain":1000,"label":"ProfitabilityAnalyzer","level":"info","makerAsset":"0xe7f1725e7734ce288f8367e1bb143e90bb3f0512","makingAmount":"1000000","message":"Profitability analysis skipped - returning true for all trades","service":"resolver","srcChain":1,"takerAsset":"0x43417434fd869edee76cca2a4d2301e528a1551b1d719b75c350c3c97d15b8b9::coins::USDC","takingAmount":"1000000000000000000","timestamp":"2025-07-30T16:47:30.224Z"}
{"dstChain":1000,"label":"BalanceManager","level":"info","makingAmount":"1000000","message":"Checking balances for order","service":"resolver","srcChain":1,"takingAmount":"1000000000000000000","timestamp":"2025-07-30T16:47:30.224Z"}
{"address":"0x355bc256fc59165868a531e9b1e8b98a29e28df6fd792e951fa39684116329a0","label":"BalanceManager","level":"info","message":"Fetching Aptos balance","rpcUrl":"https://api.testnet.aptoslabs.com/v1","service":"resolver","timestamp":"2025-07-30T16:47:30.225Z"}
{"address":"0x355bc256fc59165868a531e9b1e8b98a29e28df6fd792e951fa39684116329a0","formattedBalance":"0.5","label":"BalanceManager","level":"info","message":"Aptos balance retrieved","rawBalance":"50000000","service":"resolver","timestamp":"2025-07-30T16:47:30.362Z"}
{"aptosBalance":"0.5","evmBalance":"10000.0","label":"BalanceManager","level":"info","message":"Balance check complete","requiredAptos":"1.11","requiredEvm":"0.03","service":"resolver","sufficient":false,"timestamp":"2025-07-30T16:47:30.420Z"}
{"balanceCheck":{"aptosBalance":"0.5","error":"Insufficient balance on one or more chains","evmBalance":"10000.0","requiredAptos":"1.11","requiredEvm":"0.03","sufficient":false},"label":"Resolver","level":"warn","message":"Intent aefdd7c7-e539-4e4f-a55a-ec9f661e9d2e insufficient balance","service":"resolver","timestamp":"2025-07-30T16:47:30.421Z"}
{"label":"Resolver","level":"info","message":"Stopping resolver","service":"resolver","timestamp":"2025-07-30T16:49:08.193Z"}
{"label":"IntentMonitor","level":"info","message":"Stopping intent monitor","service":"resolver","timestamp":"2025-07-30T16:49:08.194Z"}
{"aptosWallet":"0x355bc256fc59165868a531e9b1e8b98a29e28df6fd792e951fa39684116329a0","evmWallet":"0x9965507D1a55bcC2695C58ba16FB37d819B0A4dc","label":"Resolver","level":"info","message":"Starting resolver","service":"resolver","timestamp":"2025-07-30T16:49:12.239Z"}
{"label":"BalanceManager","level":"info","message":"Initializing Aptos client","network":"TESTNET","rpcUrl":"https://api.testnet.aptoslabs.com/v1","service":"resolver","timestamp":"2025-07-30T16:49:12.155Z"}
{"address":"0x355bc256fc59165868a531e9b1e8b98a29e28df6fd792e951fa39684116329a0","label":"BalanceManager","level":"info","message":"Aptos account initialized","service":"resolver","timestamp":"2025-07-30T16:49:12.238Z"}
{"address":"0x355bc256fc59165868a531e9b1e8b98a29e28df6fd792e951fa39684116329a0","label":"BalanceManager","level":"info","message":"Fetching Aptos balance","rpcUrl":"https://api.testnet.aptoslabs.com/v1","service":"resolver","timestamp":"2025-07-30T16:49:12.240Z"}
{"address":"0x355bc256fc59165868a531e9b1e8b98a29e28df6fd792e951fa39684116329a0","formattedBalance":"1.5","label":"BalanceManager","level":"info","message":"Aptos balance retrieved","rawBalance":"150000000","service":"resolver","timestamp":"2025-07-30T16:49:12.620Z"}
{"aptos":"1.5","evm":"10000.0","label":"Resolver","level":"info","message":"Balance check passed","service":"resolver","timestamp":"2025-07-30T16:49:12.625Z"}
{"label":"IntentMonitor","level":"info","message":"Starting intent monitor","pollInterval":5000,"relayerUrl":"http://localhost:3000","service":"resolver","timestamp":"2025-07-30T16:49:12.625Z"}
{"label":"Resolver","level":"info","message":"Resolver started successfully","service":"resolver","timestamp":"2025-07-30T16:49:12.631Z"}
{"label":"IntentMonitor","level":"info","message":"Found 1 new intents","service":"resolver","timestamp":"2025-07-30T16:49:12.672Z"}
{"dstChain":1000,"label":"Resolver","level":"info","maker":"0xf39fd6e51aad88f6f4ce6ab8827279cfffb92266","makingAmount":"1000000","message":"Processing intent aefdd7c7-e539-4e4f-a55a-ec9f661e9d2e","service":"resolver","srcChain":1,"takingAmount":"1000000000000000000","timestamp":"2025-07-30T16:49:12.673Z"}
{"dstChain":1000,"label":"ProfitabilityAnalyzer","level":"info","makerAsset":"0xe7f1725e7734ce288f8367e1bb143e90bb3f0512","makingAmount":"1000000","message":"Profitability analysis skipped - returning true for all trades","service":"resolver","srcChain":1,"takerAsset":"0x43417434fd869edee76cca2a4d2301e528a1551b1d719b75c350c3c97d15b8b9::coins::USDC","takingAmount":"1000000000000000000","timestamp":"2025-07-30T16:49:12.731Z"}
{"dstChain":1000,"label":"BalanceManager","level":"info","makingAmount":"1000000","message":"Checking balances for order","service":"resolver","srcChain":1,"takingAmount":"1000000000000000000","timestamp":"2025-07-30T16:49:12.731Z"}
{"address":"0x355bc256fc59165868a531e9b1e8b98a29e28df6fd792e951fa39684116329a0","label":"BalanceManager","level":"info","message":"Fetching Aptos balance","rpcUrl":"https://api.testnet.aptoslabs.com/v1","service":"resolver","timestamp":"2025-07-30T16:49:12.732Z"}
{"address":"0x355bc256fc59165868a531e9b1e8b98a29e28df6fd792e951fa39684116329a0","formattedBalance":"1.5","label":"BalanceManager","level":"info","message":"Aptos balance retrieved","rawBalance":"150000000","service":"resolver","timestamp":"2025-07-30T16:49:12.819Z"}
{"expectedProfit":"0.001","label":"Resolver","level":"info","message":"Intent aefdd7c7-e539-4e4f-a55a-ec9f661e9d2e ready for execution","orderHash":"0xcc2a9144fc78104097557dd4e104b518854b634bec2469eca585a055cce3678e","service":"resolver","timestamp":"2025-07-30T16:49:12.821Z"}
{"aptosBalance":"1.5","evmBalance":"10000.0","label":"BalanceManager","level":"info","message":"Balance check complete","requiredAptos":"1.11","requiredEvm":"0.03","service":"resolver","sufficient":true,"timestamp":"2025-07-30T16:49:12.820Z"}
{"intentId":"aefdd7c7-e539-4e4f-a55a-ec9f661e9d2e","label":"Resolver","level":"info","message":"Creating escrows (placeholder implementation)","orderHash":"0xcc2a9144fc78104097557dd4e104b518854b634bec2469eca585a055cce3678e","service":"resolver","timestamp":"2025-07-30T16:49:12.821Z"}
{"intentId":"aefdd7c7-e539-4e4f-a55a-ec9f661e9d2e","label":"Resolver","level":"info","message":"Escrows created (simulated)","service":"resolver","timestamp":"2025-07-30T16:49:14.828Z","txHashes":{"aptosEscrow":"0x1418a90978872","evmEscrow":"0x11fa2565d1b16"}}
{"label":"IntentMonitor","level":"error","message":"Failed to update intent aefdd7c7-e539-4e4f-a55a-ec9f661e9d2e status:","service":"resolver","timestamp":"2025-07-30T16:49:21.046Z"}
{"label":"Resolver","level":"error","message":"Error processing intent aefdd7c7-e539-4e4f-a55a-ec9f661e9d2e:","service":"resolver","timestamp":"2025-07-30T16:49:21.046Z"}
{"label":"IntentMonitor","level":"error","message":"Failed to poll for intents:","service":"resolver","timestamp":"2025-07-30T18:16:35.716Z"}
{"label":"IntentMonitor","level":"error","message":"Error in poll loop:","service":"resolver","timestamp":"2025-07-30T18:16:35.720Z"}
{"label":"IntentMonitor","level":"error","message":"Failed to poll for intents:","service":"resolver","timestamp":"2025-07-30T18:16:52.061Z"}
{"label":"IntentMonitor","level":"error","message":"Error in poll loop:","service":"resolver","timestamp":"2025-07-30T18:16:52.062Z"}
{"label":"IntentMonitor","level":"error","message":"Failed to poll for intents:","service":"resolver","timestamp":"2025-07-30T18:17:08.487Z"}
{"label":"IntentMonitor","level":"error","message":"Error in poll loop:","service":"resolver","timestamp":"2025-07-30T18:17:08.496Z"}
{"label":"IntentMonitor","level":"error","message":"Failed to poll for intents:","service":"resolver","timestamp":"2025-07-30T18:17:46.593Z"}
{"label":"IntentMonitor","level":"error","message":"Error in poll loop:","service":"resolver","timestamp":"2025-07-30T18:17:46.593Z"}
{"label":"IntentMonitor","level":"error","message":"Failed to poll for secrets:","service":"resolver","timestamp":"2025-07-30T18:18:02.705Z"}
{"label":"Resolver","level":"info","message":"Stopping resolver","service":"resolver","timestamp":"2025-07-30T18:18:42.865Z"}
{"label":"IntentMonitor","level":"info","message":"Stopping intent monitor","service":"resolver","timestamp":"2025-07-30T18:18:42.865Z"}
{"aptosAddress":"0x355bc256fc59165868a531e9b1e8b98a29e28df6fd792e951fa39684116329a0","evmAddress":"0x9965507D1a55bcC2695C58ba16FB37d819B0A4dc","label":"Resolver","level":"info","message":"Blockchain clients initialized successfully","service":"resolver","timestamp":"2025-07-30T18:18:57.305Z"}
{"label":"BalanceManager","level":"info","message":"Initializing Aptos client","network":"TESTNET","rpcUrl":"https://api.testnet.aptoslabs.com/v1","service":"resolver","timestamp":"2025-07-30T18:18:57.316Z"}
{"aptosWallet":"0x355bc256fc59165868a531e9b1e8b98a29e28df6fd792e951fa39684116329a0","evmWallet":"0x9965507D1a55bcC2695C58ba16FB37d819B0A4dc","label":"Resolver","level":"info","message":"Starting resolver","service":"resolver","timestamp":"2025-07-30T18:18:57.317Z"}
{"address":"0x355bc256fc59165868a531e9b1e8b98a29e28df6fd792e951fa39684116329a0","label":"BalanceManager","level":"info","message":"Aptos account initialized","service":"resolver","timestamp":"2025-07-30T18:18:57.317Z"}
{"address":"0x355bc256fc59165868a531e9b1e8b98a29e28df6fd792e951fa39684116329a0","label":"BalanceManager","level":"info","message":"Fetching Aptos balance","rpcUrl":"https://api.testnet.aptoslabs.com/v1","service":"resolver","timestamp":"2025-07-30T18:18:57.319Z"}
{"address":"0x355bc256fc59165868a531e9b1e8b98a29e28df6fd792e951fa39684116329a0","formattedBalance":"1.5","label":"BalanceManager","level":"info","message":"Aptos balance retrieved","rawBalance":"150000000","service":"resolver","timestamp":"2025-07-30T18:18:58.748Z"}
{"aptos":"1.5","evm":"10000.0","label":"Resolver","level":"info","message":"Balance check passed","service":"resolver","timestamp":"2025-07-30T18:18:58.749Z"}
{"label":"IntentMonitor","level":"info","message":"Starting intent monitor","pollInterval":5000,"relayerUrl":"http://localhost:3000","service":"resolver","timestamp":"2025-07-30T18:18:58.749Z"}
{"label":"Resolver","level":"info","message":"Resolver started successfully","service":"resolver","timestamp":"2025-07-30T18:18:58.864Z"}
{"label":"Resolver","level":"info","message":"Stopping resolver","service":"resolver","timestamp":"2025-07-30T18:19:47.505Z"}
{"label":"IntentMonitor","level":"info","message":"Stopping intent monitor","service":"resolver","timestamp":"2025-07-30T18:19:47.505Z"}
{"aptosAddress":"0x355bc256fc59165868a531e9b1e8b98a29e28df6fd792e951fa39684116329a0","evmAddress":"0x9965507D1a55bcC2695C58ba16FB37d819B0A4dc","label":"Resolver","level":"info","message":"Blockchain clients initialized successfully","service":"resolver","timestamp":"2025-07-30T18:19:54.664Z"}
{"label":"BalanceManager","level":"info","message":"Initializing Aptos client","network":"TESTNET","rpcUrl":"https://api.testnet.aptoslabs.com/v1","service":"resolver","timestamp":"2025-07-30T18:19:54.675Z"}
{"aptosWallet":"0x355bc256fc59165868a531e9b1e8b98a29e28df6fd792e951fa39684116329a0","evmWallet":"0x9965507D1a55bcC2695C58ba16FB37d819B0A4dc","label":"Resolver","level":"info","message":"Starting resolver","service":"resolver","timestamp":"2025-07-30T18:19:54.676Z"}
{"address":"0x355bc256fc59165868a531e9b1e8b98a29e28df6fd792e951fa39684116329a0","label":"BalanceManager","level":"info","message":"Aptos account initialized","service":"resolver","timestamp":"2025-07-30T18:19:54.676Z"}
{"address":"0x355bc256fc59165868a531e9b1e8b98a29e28df6fd792e951fa39684116329a0","label":"BalanceManager","level":"info","message":"Fetching Aptos balance","rpcUrl":"https://api.testnet.aptoslabs.com/v1","service":"resolver","timestamp":"2025-07-30T18:19:54.684Z"}
{"address":"0x355bc256fc59165868a531e9b1e8b98a29e28df6fd792e951fa39684116329a0","formattedBalance":"1.5","label":"BalanceManager","level":"info","message":"Aptos balance retrieved","rawBalance":"150000000","service":"resolver","timestamp":"2025-07-30T18:19:56.426Z"}
{"aptos":"1.5","evm":"10000.0","label":"Resolver","level":"info","message":"Balance check passed","service":"resolver","timestamp":"2025-07-30T18:19:56.427Z"}
{"label":"IntentMonitor","level":"info","message":"Starting intent monitor","pollInterval":5000,"relayerUrl":"http://localhost:3000","service":"resolver","timestamp":"2025-07-30T18:19:56.427Z"}
{"label":"Resolver","level":"info","message":"Resolver started successfully","service":"resolver","timestamp":"2025-07-30T18:19:56.489Z"}
{"label":"Resolver","level":"info","message":"Stopping resolver","service":"resolver","timestamp":"2025-07-30T18:21:35.826Z"}
{"label":"IntentMonitor","level":"info","message":"Stopping intent monitor","service":"resolver","timestamp":"2025-07-30T18:21:35.828Z"}
{"aptosAddress":"0x355bc256fc59165868a531e9b1e8b98a29e28df6fd792e951fa39684116329a0","evmAddress":"0x9965507D1a55bcC2695C58ba16FB37d819B0A4dc","label":"Resolver","level":"info","message":"Blockchain clients initialized successfully","service":"resolver","timestamp":"2025-07-30T18:30:44.016Z"}
{"label":"BalanceManager","level":"info","message":"Initializing Aptos client","network":"TESTNET","rpcUrl":"https://api.testnet.aptoslabs.com/v1","service":"resolver","timestamp":"2025-07-30T18:30:44.023Z"}
{"aptosWallet":"0x355bc256fc59165868a531e9b1e8b98a29e28df6fd792e951fa39684116329a0","evmWallet":"0x9965507D1a55bcC2695C58ba16FB37d819B0A4dc","label":"Resolver","level":"info","message":"Starting resolver","service":"resolver","timestamp":"2025-07-30T18:30:44.024Z"}
{"address":"0x355bc256fc59165868a531e9b1e8b98a29e28df6fd792e951fa39684116329a0","label":"BalanceManager","level":"info","message":"Aptos account initialized","service":"resolver","timestamp":"2025-07-30T18:30:44.024Z"}
{"address":"0x355bc256fc59165868a531e9b1e8b98a29e28df6fd792e951fa39684116329a0","label":"BalanceManager","level":"info","message":"Fetching Aptos balance","rpcUrl":"https://api.testnet.aptoslabs.com/v1","service":"resolver","timestamp":"2025-07-30T18:30:44.027Z"}
{"address":"0x355bc256fc59165868a531e9b1e8b98a29e28df6fd792e951fa39684116329a0","formattedBalance":"1.5","label":"BalanceManager","level":"info","message":"Aptos balance retrieved","rawBalance":"150000000","service":"resolver","timestamp":"2025-07-30T18:30:44.490Z"}
{"aptos":"1.5","evm":"10000.0","label":"Resolver","level":"info","message":"Balance check passed","service":"resolver","timestamp":"2025-07-30T18:30:44.493Z"}
{"label":"IntentMonitor","level":"info","message":"Starting intent monitor","pollInterval":5000,"relayerUrl":"http://localhost:3000","service":"resolver","timestamp":"2025-07-30T18:30:44.495Z"}
{"label":"Resolver","level":"info","message":"Resolver started successfully","service":"resolver","timestamp":"2025-07-30T18:30:44.506Z"}
{"label":"IntentMonitor","level":"info","message":"Found 1 new intents","service":"resolver","timestamp":"2025-07-30T18:30:44.562Z"}
{"dstChain":1000,"label":"Resolver","level":"info","maker":"0xf39fd6e51aad88f6f4ce6ab8827279cfffb92266","makingAmount":"1000000","message":"Processing intent aefdd7c7-e539-4e4f-a55a-ec9f661e9d2e","service":"resolver","srcChain":1,"takingAmount":"1000000000000000000","timestamp":"2025-07-30T18:30:44.562Z"}
{"dstChain":1000,"label":"ProfitabilityAnalyzer","level":"info","makerAsset":"0xe7f1725e7734ce288f8367e1bb143e90bb3f0512","makingAmount":"1000000","message":"Profitability analysis skipped - returning true for all trades","service":"resolver","srcChain":1,"takerAsset":"0x43417434fd869edee76cca2a4d2301e528a1551b1d719b75c350c3c97d15b8b9::coins::USDC","takingAmount":"1000000000000000000","timestamp":"2025-07-30T18:30:50.666Z"}
{"dstChain":1000,"label":"BalanceManager","level":"info","makingAmount":"1000000","message":"Checking balances for order","service":"resolver","srcChain":1,"takingAmount":"1000000000000000000","timestamp":"2025-07-30T18:30:50.666Z"}
{"address":"0x355bc256fc59165868a531e9b1e8b98a29e28df6fd792e951fa39684116329a0","label":"BalanceManager","level":"info","message":"Fetching Aptos balance","rpcUrl":"https://api.testnet.aptoslabs.com/v1","service":"resolver","timestamp":"2025-07-30T18:30:50.666Z"}
{"address":"0x355bc256fc59165868a531e9b1e8b98a29e28df6fd792e951fa39684116329a0","formattedBalance":"1.5","label":"BalanceManager","level":"info","message":"Aptos balance retrieved","rawBalance":"150000000","service":"resolver","timestamp":"2025-07-30T18:30:50.805Z"}
{"expectedProfit":"0.001","label":"Resolver","level":"info","message":"Intent aefdd7c7-e539-4e4f-a55a-ec9f661e9d2e ready for execution","orderHash":"0xcc2a9144fc78104097557dd4e104b518854b634bec2469eca585a055cce3678e","service":"resolver","timestamp":"2025-07-30T18:30:50.807Z"}
{"aptosBalance":"1.5","evmBalance":"10000.0","label":"BalanceManager","level":"info","message":"Balance check complete","requiredAptos":"1.11","requiredEvm":"0.03","service":"resolver","sufficient":true,"timestamp":"2025-07-30T18:30:50.805Z"}
{"intentId":"aefdd7c7-e539-4e4f-a55a-ec9f661e9d2e","label":"Resolver","level":"info","message":"Creating escrows for cross-chain swap","orderHash":"0xcc2a9144fc78104097557dd4e104b518854b634bec2469eca585a055cce3678e","service":"resolver","timestamp":"2025-07-30T18:30:50.807Z"}
{"error":"execution reverted (no data present; likely require(false) occurred (action=\"estimateGas\", data=\"0x\", reason=\"require(false)\", transaction={ \"data\": \"0x0e59265fcc2a9144fc78104097557dd4e104b518854b634bec2469eca585a055cce3678e86325fbf9e062dbbefa7e14b9a32cf4ee46abd705b35af1190065eafa4927859000000000000000000000000e7f1725e7734ce288f8367e1bb143e90bb3f051200000000000000000000000000000000000000000000000000000000000f4240000000000000000000000000f39fd6e51aad88f6f4ce6ab8827279cfffb9226600000000000000000000000000000000000000000000000000000000000000c00000000000000000000000000000000000000000000000000000000000000005000000000000000000000000000000000000000000000000000000000000012c0000000000000000000000000000000000000000000000000000000000000e100000000000000000000000000000000000000000000000000000000000001c200000000000000000000000000000000000000000000000000000000000002a300000000000000000000000000000000000000000000000000000000000003840\", \"from\": \"0x9965507D1a55bcC2695C58ba16FB37d819B0A4dc\", \"to\": \"0x5FC8d32690cc91D4c39d9d3abcBD16989F875707\" }, invocation=null, revert=null, code=CALL_EXCEPTION, version=6.15.0)","intentId":"aefdd7c7-e539-4e4f-a55a-ec9f661e9d2e","label":"Resolver","level":"error","message":"Failed to create escrows","service":"resolver","timestamp":"2025-07-30T18:30:50.887Z"}
{"error":"execution reverted (no data present; likely require(false) occurred (action=\"estimateGas\", data=\"0x\", reason=\"require(false)\", transaction={ \"data\": \"0x0e59265fcc2a9144fc78104097557dd4e104b518854b634bec2469eca585a055cce3678e86325fbf9e062dbbefa7e14b9a32cf4ee46abd705b35af1190065eafa4927859000000000000000000000000e7f1725e7734ce288f8367e1bb143e90bb3f051200000000000000000000000000000000000000000000000000000000000f4240000000000000000000000000f39fd6e51aad88f6f4ce6ab8827279cfffb9226600000000000000000000000000000000000000000000000000000000000000c00000000000000000000000000000000000000000000000000000000000000005000000000000000000000000000000000000000000000000000000000000012c0000000000000000000000000000000000000000000000000000000000000e100000000000000000000000000000000000000000000000000000000000001c200000000000000000000000000000000000000000000000000000000000002a300000000000000000000000000000000000000000000000000000000000003840\", \"from\": \"0x9965507D1a55bcC2695C58ba16FB37d819B0A4dc\", \"to\": \"0x5FC8d32690cc91D4c39d9d3abcBD16989F875707\" }, invocation=null, revert=null, code=CALL_EXCEPTION, version=6.15.0)","label":"Resolver","level":"error","message":"Intent aefdd7c7-e539-4e4f-a55a-ec9f661e9d2e escrow creation failed","service":"resolver","timestamp":"2025-07-30T18:30:51.045Z"}
{"label":"Resolver","level":"info","message":"Stopping resolver","service":"resolver","timestamp":"2025-07-30T18:33:06.398Z"}
{"label":"IntentMonitor","level":"info","message":"Stopping intent monitor","service":"resolver","timestamp":"2025-07-30T18:33:06.399Z"}
{"aptosAddress":"0x355bc256fc59165868a531e9b1e8b98a29e28df6fd792e951fa39684116329a0","evmAddress":"0x9965507D1a55bcC2695C58ba16FB37d819B0A4dc","label":"Resolver","level":"info","message":"Blockchain clients initialized successfully","service":"resolver","timestamp":"2025-07-30T18:33:10.622Z"}
{"label":"BalanceManager","level":"info","message":"Initializing Aptos client","network":"TESTNET","rpcUrl":"https://api.testnet.aptoslabs.com/v1","service":"resolver","timestamp":"2025-07-30T18:33:10.642Z"}
{"aptosWallet":"0x355bc256fc59165868a531e9b1e8b98a29e28df6fd792e951fa39684116329a0","evmWallet":"0x9965507D1a55bcC2695C58ba16FB37d819B0A4dc","label":"Resolver","level":"info","message":"Starting resolver","service":"resolver","timestamp":"2025-07-30T18:33:10.643Z"}
{"address":"0x355bc256fc59165868a531e9b1e8b98a29e28df6fd792e951fa39684116329a0","label":"BalanceManager","level":"info","message":"Aptos account initialized","service":"resolver","timestamp":"2025-07-30T18:33:10.643Z"}
{"address":"0x355bc256fc59165868a531e9b1e8b98a29e28df6fd792e951fa39684116329a0","label":"BalanceManager","level":"info","message":"Fetching Aptos balance","rpcUrl":"https://api.testnet.aptoslabs.com/v1","service":"resolver","timestamp":"2025-07-30T18:33:10.644Z"}
{"address":"0x355bc256fc59165868a531e9b1e8b98a29e28df6fd792e951fa39684116329a0","formattedBalance":"1.5","label":"BalanceManager","level":"info","message":"Aptos balance retrieved","rawBalance":"150000000","service":"resolver","timestamp":"2025-07-30T18:33:10.985Z"}
{"aptos":"1.5","evm":"10000.0","label":"Resolver","level":"info","message":"Balance check passed","service":"resolver","timestamp":"2025-07-30T18:33:10.985Z"}
{"label":"IntentMonitor","level":"info","message":"Starting intent monitor","pollInterval":5000,"relayerUrl":"http://localhost:3000","service":"resolver","timestamp":"2025-07-30T18:33:10.986Z"}
{"label":"Resolver","level":"info","message":"Resolver started successfully","service":"resolver","timestamp":"2025-07-30T18:33:10.992Z"}
{"label":"IntentMonitor","level":"info","message":"Found 1 new intents","service":"resolver","timestamp":"2025-07-30T18:33:11.042Z"}
{"dstChain":1000,"label":"Resolver","level":"info","maker":"0xf39fd6e51aad88f6f4ce6ab8827279cfffb92266","makingAmount":"1000000","message":"Processing intent aefdd7c7-e539-4e4f-a55a-ec9f661e9d2e","service":"resolver","srcChain":1,"takingAmount":"1000000000000000000","timestamp":"2025-07-30T18:33:11.043Z"}
{"dstChain":1000,"label":"ProfitabilityAnalyzer","level":"info","makerAsset":"0xe7f1725e7734ce288f8367e1bb143e90bb3f0512","makingAmount":"1000000","message":"Profitability analysis skipped - returning true for all trades","service":"resolver","srcChain":1,"takerAsset":"0x43417434fd869edee76cca2a4d2301e528a1551b1d719b75c350c3c97d15b8b9::coins::USDC","takingAmount":"1000000000000000000","timestamp":"2025-07-30T18:33:11.156Z"}
{"dstChain":1000,"label":"BalanceManager","level":"info","makingAmount":"1000000","message":"Checking balances for order","service":"resolver","srcChain":1,"takingAmount":"1000000000000000000","timestamp":"2025-07-30T18:33:11.156Z"}
{"address":"0x355bc256fc59165868a531e9b1e8b98a29e28df6fd792e951fa39684116329a0","label":"BalanceManager","level":"info","message":"Fetching Aptos balance","rpcUrl":"https://api.testnet.aptoslabs.com/v1","service":"resolver","timestamp":"2025-07-30T18:33:11.157Z"}
{"address":"0x355bc256fc59165868a531e9b1e8b98a29e28df6fd792e951fa39684116329a0","formattedBalance":"1.5","label":"BalanceManager","level":"info","message":"Aptos balance retrieved","rawBalance":"150000000","service":"resolver","timestamp":"2025-07-30T18:33:11.256Z"}
{"expectedProfit":"0.001","label":"Resolver","level":"info","message":"Intent aefdd7c7-e539-4e4f-a55a-ec9f661e9d2e ready for execution","orderHash":"0xcc2a9144fc78104097557dd4e104b518854b634bec2469eca585a055cce3678e","service":"resolver","timestamp":"2025-07-30T18:33:11.266Z"}
{"aptosBalance":"1.5","evmBalance":"10000.0","label":"BalanceManager","level":"info","message":"Balance check complete","requiredAptos":"1.11","requiredEvm":"0.03","service":"resolver","sufficient":true,"timestamp":"2025-07-30T18:33:11.263Z"}
{"intentId":"aefdd7c7-e539-4e4f-a55a-ec9f661e9d2e","label":"Resolver","level":"info","message":"Creating escrows for cross-chain swap","orderHash":"0xcc2a9144fc78104097557dd4e104b518854b634bec2469eca585a055cce3678e","service":"resolver","timestamp":"2025-07-30T18:33:11.266Z"}
{"error":"execution reverted (no data present; likely require(false) occurred (action=\"estimateGas\", data=\"0x\", reason=\"require(false)\", transaction={ \"data\": \"0x0e59265fcc2a9144fc78104097557dd4e104b518854b634bec2469eca585a055cce3678e6df35bca1ef005c923f5ac8bbc7accd03a1577860a186ddd4d4913ea512a5d6c000000000000000000000000e7f1725e7734ce288f8367e1bb143e90bb3f051200000000000000000000000000000000000000000000000000000000000f4240000000000000000000000000f39fd6e51aad88f6f4ce6ab8827279cfffb9226600000000000000000000000000000000000000000000000000000000000000c00000000000000000000000000000000000000000000000000000000000000005000000000000000000000000000000000000000000000000000000000000012c0000000000000000000000000000000000000000000000000000000000000e100000000000000000000000000000000000000000000000000000000000001c200000000000000000000000000000000000000000000000000000000000002a300000000000000000000000000000000000000000000000000000000000003840\", \"from\": \"0x9965507D1a55bcC2695C58ba16FB37d819B0A4dc\", \"to\": \"0x5FC8d32690cc91D4c39d9d3abcBD16989F875707\" }, invocation=null, revert=null, code=CALL_EXCEPTION, version=6.15.0)","intentId":"aefdd7c7-e539-4e4f-a55a-ec9f661e9d2e","label":"Resolver","level":"error","message":"Failed to create escrows","service":"resolver","timestamp":"2025-07-30T18:33:11.348Z"}
{"error":"execution reverted (no data present; likely require(false) occurred (action=\"estimateGas\", data=\"0x\", reason=\"require(false)\", transaction={ \"data\": \"0x0e59265fcc2a9144fc78104097557dd4e104b518854b634bec2469eca585a055cce3678e6df35bca1ef005c923f5ac8bbc7accd03a1577860a186ddd4d4913ea512a5d6c000000000000000000000000e7f1725e7734ce288f8367e1bb143e90bb3f051200000000000000000000000000000000000000000000000000000000000f4240000000000000000000000000f39fd6e51aad88f6f4ce6ab8827279cfffb9226600000000000000000000000000000000000000000000000000000000000000c00000000000000000000000000000000000000000000000000000000000000005000000000000000000000000000000000000000000000000000000000000012c0000000000000000000000000000000000000000000000000000000000000e100000000000000000000000000000000000000000000000000000000000001c200000000000000000000000000000000000000000000000000000000000002a300000000000000000000000000000000000000000000000000000000000003840\", \"from\": \"0x9965507D1a55bcC2695C58ba16FB37d819B0A4dc\", \"to\": \"0x5FC8d32690cc91D4c39d9d3abcBD16989F875707\" }, invocation=null, revert=null, code=CALL_EXCEPTION, version=6.15.0)","label":"Resolver","level":"error","message":"Intent aefdd7c7-e539-4e4f-a55a-ec9f661e9d2e escrow creation failed","service":"resolver","timestamp":"2025-07-30T18:33:11.436Z"}
{"label":"Resolver","level":"info","message":"Stopping resolver","service":"resolver","timestamp":"2025-07-30T18:42:02.958Z"}
{"label":"IntentMonitor","level":"info","message":"Stopping intent monitor","service":"resolver","timestamp":"2025-07-30T18:42:02.958Z"}
{"aptosAddress":"0x355bc256fc59165868a531e9b1e8b98a29e28df6fd792e951fa39684116329a0","evmAddress":"0x9965507D1a55bcC2695C58ba16FB37d819B0A4dc","label":"Resolver","level":"info","message":"Blockchain clients initialized successfully","service":"resolver","timestamp":"2025-07-30T20:08:42.103Z"}
{"label":"BalanceManager","level":"info","message":"Initializing Aptos client","network":"TESTNET","rpcUrl":"https://api.testnet.aptoslabs.com/v1","service":"resolver","timestamp":"2025-07-30T20:08:42.124Z"}
{"aptosWallet":"0x355bc256fc59165868a531e9b1e8b98a29e28df6fd792e951fa39684116329a0","evmWallet":"0x9965507D1a55bcC2695C58ba16FB37d819B0A4dc","label":"Resolver","level":"info","message":"Starting resolver","service":"resolver","timestamp":"2025-07-30T20:08:42.127Z"}
{"address":"0x355bc256fc59165868a531e9b1e8b98a29e28df6fd792e951fa39684116329a0","label":"BalanceManager","level":"info","message":"Aptos account initialized","service":"resolver","timestamp":"2025-07-30T20:08:42.127Z"}
{"address":"0x355bc256fc59165868a531e9b1e8b98a29e28df6fd792e951fa39684116329a0","label":"BalanceManager","level":"info","message":"Fetching Aptos balance","rpcUrl":"https://api.testnet.aptoslabs.com/v1","service":"resolver","timestamp":"2025-07-30T20:08:42.128Z"}
{"address":"0x355bc256fc59165868a531e9b1e8b98a29e28df6fd792e951fa39684116329a0","formattedBalance":"1.5","label":"BalanceManager","level":"info","message":"Aptos balance retrieved","rawBalance":"150000000","service":"resolver","timestamp":"2025-07-30T20:08:42.567Z"}
{"aptos":"1.5","evm":"10000.0","label":"Resolver","level":"info","message":"Balance check passed","service":"resolver","timestamp":"2025-07-30T20:08:42.567Z"}
{"label":"IntentMonitor","level":"info","message":"Starting intent monitor","pollInterval":5000,"relayerUrl":"http://localhost:3000","service":"resolver","timestamp":"2025-07-30T20:08:42.568Z"}
{"label":"Resolver","level":"info","message":"Resolver started successfully","service":"resolver","timestamp":"2025-07-30T20:08:42.576Z"}
{"label":"IntentMonitor","level":"info","message":"Found 2 new intents","service":"resolver","timestamp":"2025-07-30T20:08:42.645Z"}
{"dstChain":1000,"label":"Resolver","level":"info","maker":"0xf39fd6e51aad88f6f4ce6ab8827279cfffb92266","makingAmount":"1000000","message":"Processing intent 2207bac7-83c5-4da2-a148-b961cdd122f0","service":"resolver","srcChain":1,"takingAmount":"1000000","timestamp":"2025-07-30T20:08:42.645Z"}
{"dstChain":1000,"label":"Resolver","level":"info","maker":"0xf39fd6e51aad88f6f4ce6ab8827279cfffb92266","makingAmount":"1000000","message":"Processing intent 32213aee-f50a-4368-a999-6ef0745e53fd","service":"resolver","srcChain":1,"takingAmount":"1000000","timestamp":"2025-07-30T20:08:42.647Z"}
{"label":"IntentMonitor","level":"error","message":"Failed to poll for secrets:","service":"resolver","timestamp":"2025-07-30T20:08:47.716Z"}
{"label":"IntentMonitor","level":"error","message":"Failed to poll for secrets:","service":"resolver","timestamp":"2025-07-30T20:09:02.059Z"}
{"label":"IntentMonitor","level":"error","message":"Failed to update intent 2207bac7-83c5-4da2-a148-b961cdd122f0 status:","service":"resolver","timestamp":"2025-07-30T20:09:08.813Z"}
{"label":"Resolver","level":"error","message":"Error processing intent 2207bac7-83c5-4da2-a148-b961cdd122f0:","service":"resolver","timestamp":"2025-07-30T20:09:08.819Z"}
{"label":"IntentMonitor","level":"error","message":"Failed to update intent 32213aee-f50a-4368-a999-6ef0745e53fd status:","service":"resolver","timestamp":"2025-07-30T20:09:08.846Z"}
{"label":"Resolver","level":"error","message":"Error processing intent 32213aee-f50a-4368-a999-6ef0745e53fd:","service":"resolver","timestamp":"2025-07-30T20:09:08.847Z"}
{"label":"IntentMonitor","level":"error","message":"Failed to update intent 32213aee-f50a-4368-a999-6ef0745e53fd status:","service":"resolver","timestamp":"2025-07-30T20:09:15.961Z"}
{"label":"Resolver","level":"error","message":"Failed to process intent 32213aee-f50a-4368-a999-6ef0745e53fd:","service":"resolver","timestamp":"2025-07-30T20:09:15.961Z"}
{"label":"IntentMonitor","level":"error","message":"Failed to update intent 2207bac7-83c5-4da2-a148-b961cdd122f0 status:","service":"resolver","timestamp":"2025-07-30T20:09:15.994Z"}
{"label":"Resolver","level":"error","message":"Failed to process intent 2207bac7-83c5-4da2-a148-b961cdd122f0:","service":"resolver","timestamp":"2025-07-30T20:09:15.994Z"}
{"label":"Resolver","level":"info","message":"Stopping resolver","service":"resolver","timestamp":"2025-07-30T20:11:46.639Z"}
{"label":"IntentMonitor","level":"info","message":"Stopping intent monitor","service":"resolver","timestamp":"2025-07-30T20:11:46.640Z"}
{"label":"BalanceManager","level":"info","message":"Initializing Aptos client","network":"TESTNET","rpcUrl":"https://api.testnet.aptoslabs.com/v1","service":"resolver","timestamp":"2025-07-30T20:11:51.180Z"}
{"aptosAddress":"0x355bc256fc59165868a531e9b1e8b98a29e28df6fd792e951fa39684116329a0","evmAddress":"0x9965507D1a55bcC2695C58ba16FB37d819B0A4dc","label":"Resolver","level":"info","message":"Blockchain clients initialized successfully","service":"resolver","timestamp":"2025-07-30T20:11:51.167Z"}
{"address":"0x355bc256fc59165868a531e9b1e8b98a29e28df6fd792e951fa39684116329a0","label":"BalanceManager","level":"info","message":"Aptos account initialized","service":"resolver","timestamp":"2025-07-30T20:11:51.181Z"}
{"address":"0x355bc256fc59165868a531e9b1e8b98a29e28df6fd792e951fa39684116329a0","label":"BalanceManager","level":"info","message":"Fetching Aptos balance","rpcUrl":"https://api.testnet.aptoslabs.com/v1","service":"resolver","timestamp":"2025-07-30T20:11:51.182Z"}
{"aptosWallet":"0x355bc256fc59165868a531e9b1e8b98a29e28df6fd792e951fa39684116329a0","evmWallet":"0x9965507D1a55bcC2695C58ba16FB37d819B0A4dc","label":"Resolver","level":"info","message":"Starting resolver","service":"resolver","timestamp":"2025-07-30T20:11:51.181Z"}
{"address":"0x355bc256fc59165868a531e9b1e8b98a29e28df6fd792e951fa39684116329a0","formattedBalance":"1.5","label":"BalanceManager","level":"info","message":"Aptos balance retrieved","rawBalance":"150000000","service":"resolver","timestamp":"2025-07-30T20:11:51.571Z"}
{"aptos":"1.5","evm":"10000.0","label":"Resolver","level":"info","message":"Balance check passed","service":"resolver","timestamp":"2025-07-30T20:11:51.571Z"}
{"label":"IntentMonitor","level":"info","message":"Starting intent monitor","pollInterval":5000,"relayerUrl":"http://localhost:3000","service":"resolver","timestamp":"2025-07-30T20:11:51.572Z"}
{"label":"Resolver","level":"info","message":"Resolver started successfully","service":"resolver","timestamp":"2025-07-30T20:11:51.580Z"}
{"label":"IntentMonitor","level":"info","message":"Found 2 new intents","service":"resolver","timestamp":"2025-07-30T20:11:51.627Z"}
{"dstChain":1000,"label":"Resolver","level":"info","maker":"0xf39fd6e51aad88f6f4ce6ab8827279cfffb92266","makingAmount":"1000000","message":"Processing intent 2207bac7-83c5-4da2-a148-b961cdd122f0","service":"resolver","srcChain":1,"takingAmount":"1000000","timestamp":"2025-07-30T20:11:51.627Z"}
{"dstChain":1000,"label":"Resolver","level":"info","maker":"0xf39fd6e51aad88f6f4ce6ab8827279cfffb92266","makingAmount":"1000000","message":"Processing intent 32213aee-f50a-4368-a999-6ef0745e53fd","service":"resolver","srcChain":1,"takingAmount":"1000000","timestamp":"2025-07-30T20:11:51.632Z"}
{"dstChain":1000,"label":"ProfitabilityAnalyzer","level":"info","makerAsset":"0xead683c29178d41a511311c1eb0fce8ad618c3cf","makingAmount":"1000000","message":"Profitability analysis skipped - returning true for all trades","service":"resolver","srcChain":1,"takerAsset":"0x44689d8f78944f57e1d84bfa1d9f4042d20d7e22c3ec0fe93a05b8035c7712c1::dai_coin::DAI","takingAmount":"1000000","timestamp":"2025-07-30T20:11:57.858Z"}
{"dstChain":1000,"label":"BalanceManager","level":"info","makingAmount":"1000000","message":"Checking balances for order","service":"resolver","srcChain":1,"takingAmount":"1000000","timestamp":"2025-07-30T20:11:57.858Z"}
{"address":"0x355bc256fc59165868a531e9b1e8b98a29e28df6fd792e951fa39684116329a0","label":"BalanceManager","level":"info","message":"Fetching Aptos balance","rpcUrl":"https://api.testnet.aptoslabs.com/v1","service":"resolver","timestamp":"2025-07-30T20:11:57.859Z"}
{"dstChain":1000,"label":"ProfitabilityAnalyzer","level":"info","makerAsset":"0xead683c29178d41a511311c1eb0fce8ad618c3cf","makingAmount":"1000000","message":"Profitability analysis skipped - returning true for all trades","service":"resolver","srcChain":1,"takerAsset":"0x44689d8f78944f57e1d84bfa1d9f4042d20d7e22c3ec0fe93a05b8035c7712c1::dai_coin::DAI","takingAmount":"1000000","timestamp":"2025-07-30T20:11:57.869Z"}
{"dstChain":1000,"label":"BalanceManager","level":"info","makingAmount":"1000000","message":"Checking balances for order","service":"resolver","srcChain":1,"takingAmount":"1000000","timestamp":"2025-07-30T20:11:57.869Z"}
{"address":"0x355bc256fc59165868a531e9b1e8b98a29e28df6fd792e951fa39684116329a0","label":"BalanceManager","level":"info","message":"Fetching Aptos balance","rpcUrl":"https://api.testnet.aptoslabs.com/v1","service":"resolver","timestamp":"2025-07-30T20:11:57.874Z"}
{"address":"0x355bc256fc59165868a531e9b1e8b98a29e28df6fd792e951fa39684116329a0","formattedBalance":"1.5","label":"BalanceManager","level":"info","message":"Aptos balance retrieved","rawBalance":"150000000","service":"resolver","timestamp":"2025-07-30T20:11:57.995Z"}
{"expectedProfit":"0.001","label":"Resolver","level":"info","message":"Intent 2207bac7-83c5-4da2-a148-b961cdd122f0 ready for execution","orderHash":"0x2f372ba8389f82ff8e5af83e39678c146ce4b223966cc38c6801316d36780ac3","service":"resolver","timestamp":"2025-07-30T20:11:58.000Z"}
{"aptosBalance":"1.5","evmBalance":"10000.0","label":"BalanceManager","level":"info","message":"Balance check complete","requiredAptos":"0.110000000001","requiredEvm":"0.03","service":"resolver","sufficient":true,"timestamp":"2025-07-30T20:11:57.997Z"}
{"address":"0x355bc256fc59165868a531e9b1e8b98a29e28df6fd792e951fa39684116329a0","formattedBalance":"1.5","label":"BalanceManager","level":"info","message":"Aptos balance retrieved","rawBalance":"150000000","service":"resolver","timestamp":"2025-07-30T20:11:58.015Z"}
{"intentId":"2207bac7-83c5-4da2-a148-b961cdd122f0","label":"Resolver","level":"info","message":"Creating escrows for cross-chain swap","orderHash":"0x2f372ba8389f82ff8e5af83e39678c146ce4b223966cc38c6801316d36780ac3","service":"resolver","timestamp":"2025-07-30T20:11:58.001Z"}
{"aptosBalance":"1.5","evmBalance":"10000.0","label":"BalanceManager","level":"info","message":"Balance check complete","requiredAptos":"0.110000000001","requiredEvm":"0.03","service":"resolver","sufficient":true,"timestamp":"2025-07-30T20:11:58.016Z"}
{"expectedProfit":"0.001","label":"Resolver","level":"info","message":"Intent 32213aee-f50a-4368-a999-6ef0745e53fd ready for execution","orderHash":"0xcdcb8a40de16f92686a21f5d6358c0350eeca5d9168fecb0963092e1b88206e1","service":"resolver","timestamp":"2025-07-30T20:11:58.016Z"}
{"intentId":"32213aee-f50a-4368-a999-6ef0745e53fd","label":"Resolver","level":"info","message":"Creating escrows for cross-chain swap","orderHash":"0xcdcb8a40de16f92686a21f5d6358c0350eeca5d9168fecb0963092e1b88206e1","service":"resolver","timestamp":"2025-07-30T20:11:58.016Z"}
{"error":"execution reverted (no data present; likely require(false) occurred (action=\"estimateGas\", data=\"0x\", reason=\"require(false)\", transaction={ \"data\": \"0x0e59265f2f372ba8389f82ff8e5af83e39678c146ce4b223966cc38c6801316d36780ac30842bf823554f257c0ce9cf960f5d59d590847c51d64cde65aa61c940de645d4000000000000000000000000ead683c29178d41a511311c1eb0fce8ad618c3cf00000000000000000000000000000000000000000000000000000000000f4240000000000000000000000000f39fd6e51aad88f6f4ce6ab8827279cfffb9226600000000000000000000000000000000000000000000000000000000000000c00000000000000000000000000000000000000000000000000000000000000005000000000000000000000000000000000000000000000000000000000000012c0000000000000000000000000000000000000000000000000000000000000e100000000000000000000000000000000000000000000000000000000000001c200000000000000000000000000000000000000000000000000000000000002a300000000000000000000000000000000000000000000000000000000000003840\", \"from\": \"0x9965507D1a55bcC2695C58ba16FB37d819B0A4dc\", \"to\": \"0xC9481A6935698050E569AcD70078DAD8303871CF\" }, invocation=null, revert=null, code=CALL_EXCEPTION, version=6.15.0)","intentId":"2207bac7-83c5-4da2-a148-b961cdd122f0","label":"Resolver","level":"error","message":"Failed to create escrows","service":"resolver","timestamp":"2025-07-30T20:11:58.083Z"}
{"error":"execution reverted (no data present; likely require(false) occurred (action=\"estimateGas\", data=\"0x\", reason=\"require(false)\", transaction={ \"data\": \"0x0e59265fcdcb8a40de16f92686a21f5d6358c0350eeca5d9168fecb0963092e1b88206e14ec067674f8dd3f7852fccb8503ccb924aa274cdf8cbfb6ff6361a8c8d4e55fc000000000000000000000000ead683c29178d41a511311c1eb0fce8ad618c3cf00000000000000000000000000000000000000000000000000000000000f4240000000000000000000000000f39fd6e51aad88f6f4ce6ab8827279cfffb9226600000000000000000000000000000000000000000000000000000000000000c00000000000000000000000000000000000000000000000000000000000000005000000000000000000000000000000000000000000000000000000000000012c0000000000000000000000000000000000000000000000000000000000000e100000000000000000000000000000000000000000000000000000000000001c200000000000000000000000000000000000000000000000000000000000002a300000000000000000000000000000000000000000000000000000000000003840\", \"from\": \"0x9965507D1a55bcC2695C58ba16FB37d819B0A4dc\", \"to\": \"0xC9481A6935698050E569AcD70078DAD8303871CF\" }, invocation=null, revert=null, code=CALL_EXCEPTION, version=6.15.0)","intentId":"32213aee-f50a-4368-a999-6ef0745e53fd","label":"Resolver","level":"error","message":"Failed to create escrows","service":"resolver","timestamp":"2025-07-30T20:11:58.087Z"}
{"error":"execution reverted (no data present; likely require(false) occurred (action=\"estimateGas\", data=\"0x\", reason=\"require(false)\", transaction={ \"data\": \"0x0e59265f2f372ba8389f82ff8e5af83e39678c146ce4b223966cc38c6801316d36780ac30842bf823554f257c0ce9cf960f5d59d590847c51d64cde65aa61c940de645d4000000000000000000000000ead683c29178d41a511311c1eb0fce8ad618c3cf00000000000000000000000000000000000000000000000000000000000f4240000000000000000000000000f39fd6e51aad88f6f4ce6ab8827279cfffb9226600000000000000000000000000000000000000000000000000000000000000c00000000000000000000000000000000000000000000000000000000000000005000000000000000000000000000000000000000000000000000000000000012c0000000000000000000000000000000000000000000000000000000000000e100000000000000000000000000000000000000000000000000000000000001c200000000000000000000000000000000000000000000000000000000000002a300000000000000000000000000000000000000000000000000000000000003840\", \"from\": \"0x9965507D1a55bcC2695C58ba16FB37d819B0A4dc\", \"to\": \"0xC9481A6935698050E569AcD70078DAD8303871CF\" }, invocation=null, revert=null, code=CALL_EXCEPTION, version=6.15.0)","label":"Resolver","level":"error","message":"Intent 2207bac7-83c5-4da2-a148-b961cdd122f0 escrow creation failed","service":"resolver","timestamp":"2025-07-30T20:11:58.407Z"}
{"error":"execution reverted (no data present; likely require(false) occurred (action=\"estimateGas\", data=\"0x\", reason=\"require(false)\", transaction={ \"data\": \"0x0e59265fcdcb8a40de16f92686a21f5d6358c0350eeca5d9168fecb0963092e1b88206e14ec067674f8dd3f7852fccb8503ccb924aa274cdf8cbfb6ff6361a8c8d4e55fc000000000000000000000000ead683c29178d41a511311c1eb0fce8ad618c3cf00000000000000000000000000000000000000000000000000000000000f4240000000000000000000000000f39fd6e51aad88f6f4ce6ab8827279cfffb9226600000000000000000000000000000000000000000000000000000000000000c00000000000000000000000000000000000000000000000000000000000000005000000000000000000000000000000000000000000000000000000000000012c0000000000000000000000000000000000000000000000000000000000000e100000000000000000000000000000000000000000000000000000000000001c200000000000000000000000000000000000000000000000000000000000002a300000000000000000000000000000000000000000000000000000000000003840\", \"from\": \"0x9965507D1a55bcC2695C58ba16FB37d819B0A4dc\", \"to\": \"0xC9481A6935698050E569AcD70078DAD8303871CF\" }, invocation=null, revert=null, code=CALL_EXCEPTION, version=6.15.0)","label":"Resolver","level":"error","message":"Intent 32213aee-f50a-4368-a999-6ef0745e53fd escrow creation failed","service":"resolver","timestamp":"2025-07-30T20:11:58.416Z"}
{"label":"Resolver","level":"info","message":"Stopping resolver","service":"resolver","timestamp":"2025-07-30T20:13:51.826Z"}
{"label":"IntentMonitor","level":"info","message":"Stopping intent monitor","service":"resolver","timestamp":"2025-07-30T20:13:51.827Z"}
